The system is: Linux - 3.13.0-48-generic - x86_64
Compiling the C compiler identification source file "CMakeCCompilerId.c" succeeded.
Compiler: /usr/bin/cc 
Build flags: 
Id flags: 

The output was:
0


Compilation of the C compiler identification source "CMakeCCompilerId.c" produced "a.out"

The C compiler identification is GNU, found in "/root/stxxl/build/CMakeFiles/3.2.2/CompilerIdC/a.out"

Compiling the CXX compiler identification source file "CMakeCXXCompilerId.cpp" succeeded.
Compiler: /usr/bin/c++ 
Build flags: 
Id flags: 

The output was:
0


Compilation of the CXX compiler identification source "CMakeCXXCompilerId.cpp" produced "a.out"

The CXX compiler identification is GNU, found in "/root/stxxl/build/CMakeFiles/3.2.2/CompilerIdCXX/a.out"

Determining if the C compiler works passed with the following output:
Change Dir: /root/stxxl/build/CMakeFiles/CMakeTmp

Run Build Command:"/usr/bin/make" "cmTryCompileExec2807351719/fast"
/usr/bin/make -f CMakeFiles/cmTryCompileExec2807351719.dir/build.make CMakeFiles/cmTryCompileExec2807351719.dir/build
make[1]: Entering directory `/root/stxxl/build/CMakeFiles/CMakeTmp'
/usr/bin/cmake -E cmake_progress_report /root/stxxl/build/CMakeFiles/CMakeTmp/CMakeFiles 1
Building C object CMakeFiles/cmTryCompileExec2807351719.dir/testCCompiler.c.o
/usr/bin/cc    -o CMakeFiles/cmTryCompileExec2807351719.dir/testCCompiler.c.o   -c /root/stxxl/build/CMakeFiles/CMakeTmp/testCCompiler.c
Linking C executable cmTryCompileExec2807351719
/usr/bin/cmake -E cmake_link_script CMakeFiles/cmTryCompileExec2807351719.dir/link.txt --verbose=1
/usr/bin/cc       CMakeFiles/cmTryCompileExec2807351719.dir/testCCompiler.c.o  -o cmTryCompileExec2807351719 -rdynamic 
make[1]: Leaving directory `/root/stxxl/build/CMakeFiles/CMakeTmp'


Detecting C compiler ABI info compiled with the following output:
Change Dir: /root/stxxl/build/CMakeFiles/CMakeTmp

Run Build Command:"/usr/bin/make" "cmTryCompileExec49489401/fast"
/usr/bin/make -f CMakeFiles/cmTryCompileExec49489401.dir/build.make CMakeFiles/cmTryCompileExec49489401.dir/build
make[1]: Entering directory `/root/stxxl/build/CMakeFiles/CMakeTmp'
/usr/bin/cmake -E cmake_progress_report /root/stxxl/build/CMakeFiles/CMakeTmp/CMakeFiles 1
Building C object CMakeFiles/cmTryCompileExec49489401.dir/CMakeCCompilerABI.c.o
/usr/bin/cc    -o CMakeFiles/cmTryCompileExec49489401.dir/CMakeCCompilerABI.c.o   -c /usr/share/cmake-3.2/Modules/CMakeCCompilerABI.c
Linking C executable cmTryCompileExec49489401
/usr/bin/cmake -E cmake_link_script CMakeFiles/cmTryCompileExec49489401.dir/link.txt --verbose=1
/usr/bin/cc      -v CMakeFiles/cmTryCompileExec49489401.dir/CMakeCCompilerABI.c.o  -o cmTryCompileExec49489401 -rdynamic  
Using built-in specs.
COLLECT_GCC=/usr/bin/cc
COLLECT_LTO_WRAPPER=/usr/lib/gcc/x86_64-linux-gnu/4.8/lto-wrapper
Target: x86_64-linux-gnu
Configured with: ../src/configure -v --with-pkgversion='Ubuntu 4.8.4-2ubuntu1~14.04' --with-bugurl=file:///usr/share/doc/gcc-4.8/README.Bugs --enable-languages=c,c++,java,go,d,fortran,objc,obj-c++ --prefix=/usr --program-suffix=-4.8 --enable-shared --enable-linker-build-id --libexecdir=/usr/lib --without-included-gettext --enable-threads=posix --with-gxx-include-dir=/usr/include/c++/4.8 --libdir=/usr/lib --enable-nls --with-sysroot=/ --enable-clocale=gnu --enable-libstdcxx-debug --enable-libstdcxx-time=yes --enable-gnu-unique-object --disable-libmudflap --enable-plugin --with-system-zlib --disable-browser-plugin --enable-java-awt=gtk --enable-gtk-cairo --with-java-home=/usr/lib/jvm/java-1.5.0-gcj-4.8-amd64/jre --enable-java-home --with-jvm-root-dir=/usr/lib/jvm/java-1.5.0-gcj-4.8-amd64 --with-jvm-jar-dir=/usr/lib/jvm-exports/java-1.5.0-gcj-4.8-amd64 --with-arch-directory=amd64 --with-ecj-jar=/usr/share/java/eclipse-ecj.jar --enable-objc-gc --enable-multiarch --disable-werror --with-arch-32=i686 --with-abi=m64 --with-multilib-list=m32,m64,mx32 --with-tune=generic --enable-checking=release --build=x86_64-linux-gnu --host=x86_64-linux-gnu --target=x86_64-linux-gnu
Thread model: posix
gcc version 4.8.4 (Ubuntu 4.8.4-2ubuntu1~14.04) 
COMPILER_PATH=/usr/lib/gcc/x86_64-linux-gnu/4.8/:/usr/lib/gcc/x86_64-linux-gnu/4.8/:/usr/lib/gcc/x86_64-linux-gnu/:/usr/lib/gcc/x86_64-linux-gnu/4.8/:/usr/lib/gcc/x86_64-linux-gnu/
LIBRARY_PATH=/usr/lib/gcc/x86_64-linux-gnu/4.8/:/usr/lib/gcc/x86_64-linux-gnu/4.8/../../../x86_64-linux-gnu/:/usr/lib/gcc/x86_64-linux-gnu/4.8/../../../../lib/:/lib/x86_64-linux-gnu/:/lib/../lib/:/usr/lib/x86_64-linux-gnu/:/usr/lib/../lib/:/usr/lib/gcc/x86_64-linux-gnu/4.8/../../../:/lib/:/usr/lib/
COLLECT_GCC_OPTIONS='-v' '-o' 'cmTryCompileExec49489401' '-rdynamic' '-mtune=generic' '-march=x86-64'
 /usr/lib/gcc/x86_64-linux-gnu/4.8/collect2 --sysroot=/ --build-id --eh-frame-hdr -m elf_x86_64 --hash-style=gnu --as-needed -export-dynamic -dynamic-linker /lib64/ld-linux-x86-64.so.2 -z relro -o cmTryCompileExec49489401 /usr/lib/gcc/x86_64-linux-gnu/4.8/../../../x86_64-linux-gnu/crt1.o /usr/lib/gcc/x86_64-linux-gnu/4.8/../../../x86_64-linux-gnu/crti.o /usr/lib/gcc/x86_64-linux-gnu/4.8/crtbegin.o -L/usr/lib/gcc/x86_64-linux-gnu/4.8 -L/usr/lib/gcc/x86_64-linux-gnu/4.8/../../../x86_64-linux-gnu -L/usr/lib/gcc/x86_64-linux-gnu/4.8/../../../../lib -L/lib/x86_64-linux-gnu -L/lib/../lib -L/usr/lib/x86_64-linux-gnu -L/usr/lib/../lib -L/usr/lib/gcc/x86_64-linux-gnu/4.8/../../.. CMakeFiles/cmTryCompileExec49489401.dir/CMakeCCompilerABI.c.o -lgcc --as-needed -lgcc_s --no-as-needed -lc -lgcc --as-needed -lgcc_s --no-as-needed /usr/lib/gcc/x86_64-linux-gnu/4.8/crtend.o /usr/lib/gcc/x86_64-linux-gnu/4.8/../../../x86_64-linux-gnu/crtn.o
make[1]: Leaving directory `/root/stxxl/build/CMakeFiles/CMakeTmp'


Parsed C implicit link information from above output:
  link line regex: [^( *|.*[/\])(ld|([^/\]+-)?ld|collect2)[^/\]*( |$)]
  ignore line: [Change Dir: /root/stxxl/build/CMakeFiles/CMakeTmp]
  ignore line: []
  ignore line: [Run Build Command:"/usr/bin/make" "cmTryCompileExec49489401/fast"]
  ignore line: [/usr/bin/make -f CMakeFiles/cmTryCompileExec49489401.dir/build.make CMakeFiles/cmTryCompileExec49489401.dir/build]
  ignore line: [make[1]: Entering directory `/root/stxxl/build/CMakeFiles/CMakeTmp']
  ignore line: [/usr/bin/cmake -E cmake_progress_report /root/stxxl/build/CMakeFiles/CMakeTmp/CMakeFiles 1]
  ignore line: [Building C object CMakeFiles/cmTryCompileExec49489401.dir/CMakeCCompilerABI.c.o]
  ignore line: [/usr/bin/cc    -o CMakeFiles/cmTryCompileExec49489401.dir/CMakeCCompilerABI.c.o   -c /usr/share/cmake-3.2/Modules/CMakeCCompilerABI.c]
  ignore line: [Linking C executable cmTryCompileExec49489401]
  ignore line: [/usr/bin/cmake -E cmake_link_script CMakeFiles/cmTryCompileExec49489401.dir/link.txt --verbose=1]
  ignore line: [/usr/bin/cc      -v CMakeFiles/cmTryCompileExec49489401.dir/CMakeCCompilerABI.c.o  -o cmTryCompileExec49489401 -rdynamic  ]
  ignore line: [Using built-in specs.]
  ignore line: [COLLECT_GCC=/usr/bin/cc]
  ignore line: [COLLECT_LTO_WRAPPER=/usr/lib/gcc/x86_64-linux-gnu/4.8/lto-wrapper]
  ignore line: [Target: x86_64-linux-gnu]
  ignore line: [Configured with: ../src/configure -v --with-pkgversion='Ubuntu 4.8.4-2ubuntu1~14.04' --with-bugurl=file:///usr/share/doc/gcc-4.8/README.Bugs --enable-languages=c,c++,java,go,d,fortran,objc,obj-c++ --prefix=/usr --program-suffix=-4.8 --enable-shared --enable-linker-build-id --libexecdir=/usr/lib --without-included-gettext --enable-threads=posix --with-gxx-include-dir=/usr/include/c++/4.8 --libdir=/usr/lib --enable-nls --with-sysroot=/ --enable-clocale=gnu --enable-libstdcxx-debug --enable-libstdcxx-time=yes --enable-gnu-unique-object --disable-libmudflap --enable-plugin --with-system-zlib --disable-browser-plugin --enable-java-awt=gtk --enable-gtk-cairo --with-java-home=/usr/lib/jvm/java-1.5.0-gcj-4.8-amd64/jre --enable-java-home --with-jvm-root-dir=/usr/lib/jvm/java-1.5.0-gcj-4.8-amd64 --with-jvm-jar-dir=/usr/lib/jvm-exports/java-1.5.0-gcj-4.8-amd64 --with-arch-directory=amd64 --with-ecj-jar=/usr/share/java/eclipse-ecj.jar --enable-objc-gc --enable-multiarch --disable-werror --with-arch-32=i686 --with-abi=m64 --with-multilib-list=m32,m64,mx32 --with-tune=generic --enable-checking=release --build=x86_64-linux-gnu --host=x86_64-linux-gnu --target=x86_64-linux-gnu]
  ignore line: [Thread model: posix]
  ignore line: [gcc version 4.8.4 (Ubuntu 4.8.4-2ubuntu1~14.04) ]
  ignore line: [COMPILER_PATH=/usr/lib/gcc/x86_64-linux-gnu/4.8/:/usr/lib/gcc/x86_64-linux-gnu/4.8/:/usr/lib/gcc/x86_64-linux-gnu/:/usr/lib/gcc/x86_64-linux-gnu/4.8/:/usr/lib/gcc/x86_64-linux-gnu/]
  ignore line: [LIBRARY_PATH=/usr/lib/gcc/x86_64-linux-gnu/4.8/:/usr/lib/gcc/x86_64-linux-gnu/4.8/../../../x86_64-linux-gnu/:/usr/lib/gcc/x86_64-linux-gnu/4.8/../../../../lib/:/lib/x86_64-linux-gnu/:/lib/../lib/:/usr/lib/x86_64-linux-gnu/:/usr/lib/../lib/:/usr/lib/gcc/x86_64-linux-gnu/4.8/../../../:/lib/:/usr/lib/]
  ignore line: [COLLECT_GCC_OPTIONS='-v' '-o' 'cmTryCompileExec49489401' '-rdynamic' '-mtune=generic' '-march=x86-64']
  link line: [ /usr/lib/gcc/x86_64-linux-gnu/4.8/collect2 --sysroot=/ --build-id --eh-frame-hdr -m elf_x86_64 --hash-style=gnu --as-needed -export-dynamic -dynamic-linker /lib64/ld-linux-x86-64.so.2 -z relro -o cmTryCompileExec49489401 /usr/lib/gcc/x86_64-linux-gnu/4.8/../../../x86_64-linux-gnu/crt1.o /usr/lib/gcc/x86_64-linux-gnu/4.8/../../../x86_64-linux-gnu/crti.o /usr/lib/gcc/x86_64-linux-gnu/4.8/crtbegin.o -L/usr/lib/gcc/x86_64-linux-gnu/4.8 -L/usr/lib/gcc/x86_64-linux-gnu/4.8/../../../x86_64-linux-gnu -L/usr/lib/gcc/x86_64-linux-gnu/4.8/../../../../lib -L/lib/x86_64-linux-gnu -L/lib/../lib -L/usr/lib/x86_64-linux-gnu -L/usr/lib/../lib -L/usr/lib/gcc/x86_64-linux-gnu/4.8/../../.. CMakeFiles/cmTryCompileExec49489401.dir/CMakeCCompilerABI.c.o -lgcc --as-needed -lgcc_s --no-as-needed -lc -lgcc --as-needed -lgcc_s --no-as-needed /usr/lib/gcc/x86_64-linux-gnu/4.8/crtend.o /usr/lib/gcc/x86_64-linux-gnu/4.8/../../../x86_64-linux-gnu/crtn.o]
    arg [/usr/lib/gcc/x86_64-linux-gnu/4.8/collect2] ==> ignore
    arg [--sysroot=/] ==> ignore
    arg [--build-id] ==> ignore
    arg [--eh-frame-hdr] ==> ignore
    arg [-m] ==> ignore
    arg [elf_x86_64] ==> ignore
    arg [--hash-style=gnu] ==> ignore
    arg [--as-needed] ==> ignore
    arg [-export-dynamic] ==> ignore
    arg [-dynamic-linker] ==> ignore
    arg [/lib64/ld-linux-x86-64.so.2] ==> ignore
    arg [-zrelro] ==> ignore
    arg [-o] ==> ignore
    arg [cmTryCompileExec49489401] ==> ignore
    arg [/usr/lib/gcc/x86_64-linux-gnu/4.8/../../../x86_64-linux-gnu/crt1.o] ==> ignore
    arg [/usr/lib/gcc/x86_64-linux-gnu/4.8/../../../x86_64-linux-gnu/crti.o] ==> ignore
    arg [/usr/lib/gcc/x86_64-linux-gnu/4.8/crtbegin.o] ==> ignore
    arg [-L/usr/lib/gcc/x86_64-linux-gnu/4.8] ==> dir [/usr/lib/gcc/x86_64-linux-gnu/4.8]
    arg [-L/usr/lib/gcc/x86_64-linux-gnu/4.8/../../../x86_64-linux-gnu] ==> dir [/usr/lib/gcc/x86_64-linux-gnu/4.8/../../../x86_64-linux-gnu]
    arg [-L/usr/lib/gcc/x86_64-linux-gnu/4.8/../../../../lib] ==> dir [/usr/lib/gcc/x86_64-linux-gnu/4.8/../../../../lib]
    arg [-L/lib/x86_64-linux-gnu] ==> dir [/lib/x86_64-linux-gnu]
    arg [-L/lib/../lib] ==> dir [/lib/../lib]
    arg [-L/usr/lib/x86_64-linux-gnu] ==> dir [/usr/lib/x86_64-linux-gnu]
    arg [-L/usr/lib/../lib] ==> dir [/usr/lib/../lib]
    arg [-L/usr/lib/gcc/x86_64-linux-gnu/4.8/../../..] ==> dir [/usr/lib/gcc/x86_64-linux-gnu/4.8/../../..]
    arg [CMakeFiles/cmTryCompileExec49489401.dir/CMakeCCompilerABI.c.o] ==> ignore
    arg [-lgcc] ==> lib [gcc]
    arg [--as-needed] ==> ignore
    arg [-lgcc_s] ==> lib [gcc_s]
    arg [--no-as-needed] ==> ignore
    arg [-lc] ==> lib [c]
    arg [-lgcc] ==> lib [gcc]
    arg [--as-needed] ==> ignore
    arg [-lgcc_s] ==> lib [gcc_s]
    arg [--no-as-needed] ==> ignore
    arg [/usr/lib/gcc/x86_64-linux-gnu/4.8/crtend.o] ==> ignore
    arg [/usr/lib/gcc/x86_64-linux-gnu/4.8/../../../x86_64-linux-gnu/crtn.o] ==> ignore
  remove lib [gcc]
  remove lib [gcc_s]
  remove lib [gcc]
  remove lib [gcc_s]
  collapse library dir [/usr/lib/gcc/x86_64-linux-gnu/4.8] ==> [/usr/lib/gcc/x86_64-linux-gnu/4.8]
  collapse library dir [/usr/lib/gcc/x86_64-linux-gnu/4.8/../../../x86_64-linux-gnu] ==> [/usr/lib/x86_64-linux-gnu]
  collapse library dir [/usr/lib/gcc/x86_64-linux-gnu/4.8/../../../../lib] ==> [/usr/lib]
  collapse library dir [/lib/x86_64-linux-gnu] ==> [/lib/x86_64-linux-gnu]
  collapse library dir [/lib/../lib] ==> [/lib]
  collapse library dir [/usr/lib/x86_64-linux-gnu] ==> [/usr/lib/x86_64-linux-gnu]
  collapse library dir [/usr/lib/../lib] ==> [/usr/lib]
  collapse library dir [/usr/lib/gcc/x86_64-linux-gnu/4.8/../../..] ==> [/usr/lib]
  implicit libs: [c]
  implicit dirs: [/usr/lib/gcc/x86_64-linux-gnu/4.8;/usr/lib/x86_64-linux-gnu;/usr/lib;/lib/x86_64-linux-gnu;/lib]
  implicit fwks: []




Detecting C [-std=c11] compiler features compiled with the following output:
Change Dir: /root/stxxl/build/CMakeFiles/CMakeTmp

Run Build Command:"/usr/bin/make" "cmTryCompileExec3302097267/fast"
/usr/bin/make -f CMakeFiles/cmTryCompileExec3302097267.dir/build.make CMakeFiles/cmTryCompileExec3302097267.dir/build
make[1]: Entering directory `/root/stxxl/build/CMakeFiles/CMakeTmp'
/usr/bin/cmake -E cmake_progress_report /root/stxxl/build/CMakeFiles/CMakeTmp/CMakeFiles 1
Building C object CMakeFiles/cmTryCompileExec3302097267.dir/feature_tests.c.o
/usr/bin/cc   -std=c11 -o CMakeFiles/cmTryCompileExec3302097267.dir/feature_tests.c.o   -c /root/stxxl/build/CMakeFiles/feature_tests.c
Linking C executable cmTryCompileExec3302097267
/usr/bin/cmake -E cmake_link_script CMakeFiles/cmTryCompileExec3302097267.dir/link.txt --verbose=1
/usr/bin/cc       CMakeFiles/cmTryCompileExec3302097267.dir/feature_tests.c.o  -o cmTryCompileExec3302097267 -rdynamic 
make[1]: Leaving directory `/root/stxxl/build/CMakeFiles/CMakeTmp'


    Feature record: C_FEATURE:1c_function_prototypes
    Feature record: C_FEATURE:1c_restrict
    Feature record: C_FEATURE:1c_static_assert
    Feature record: C_FEATURE:1c_variadic_macros


Detecting C [-std=c99] compiler features compiled with the following output:
Change Dir: /root/stxxl/build/CMakeFiles/CMakeTmp

Run Build Command:"/usr/bin/make" "cmTryCompileExec728919782/fast"
/usr/bin/make -f CMakeFiles/cmTryCompileExec728919782.dir/build.make CMakeFiles/cmTryCompileExec728919782.dir/build
make[1]: Entering directory `/root/stxxl/build/CMakeFiles/CMakeTmp'
/usr/bin/cmake -E cmake_progress_report /root/stxxl/build/CMakeFiles/CMakeTmp/CMakeFiles 1
Building C object CMakeFiles/cmTryCompileExec728919782.dir/feature_tests.c.o
/usr/bin/cc   -std=c99 -o CMakeFiles/cmTryCompileExec728919782.dir/feature_tests.c.o   -c /root/stxxl/build/CMakeFiles/feature_tests.c
Linking C executable cmTryCompileExec728919782
/usr/bin/cmake -E cmake_link_script CMakeFiles/cmTryCompileExec728919782.dir/link.txt --verbose=1
/usr/bin/cc       CMakeFiles/cmTryCompileExec728919782.dir/feature_tests.c.o  -o cmTryCompileExec728919782 -rdynamic 
make[1]: Leaving directory `/root/stxxl/build/CMakeFiles/CMakeTmp'


    Feature record: C_FEATURE:1c_function_prototypes
    Feature record: C_FEATURE:1c_restrict
    Feature record: C_FEATURE:0c_static_assert
    Feature record: C_FEATURE:1c_variadic_macros


Detecting C [-std=c90] compiler features compiled with the following output:
Change Dir: /root/stxxl/build/CMakeFiles/CMakeTmp

Run Build Command:"/usr/bin/make" "cmTryCompileExec493242931/fast"
/usr/bin/make -f CMakeFiles/cmTryCompileExec493242931.dir/build.make CMakeFiles/cmTryCompileExec493242931.dir/build
make[1]: Entering directory `/root/stxxl/build/CMakeFiles/CMakeTmp'
/usr/bin/cmake -E cmake_progress_report /root/stxxl/build/CMakeFiles/CMakeTmp/CMakeFiles 1
Building C object CMakeFiles/cmTryCompileExec493242931.dir/feature_tests.c.o
/usr/bin/cc   -std=c90 -o CMakeFiles/cmTryCompileExec493242931.dir/feature_tests.c.o   -c /root/stxxl/build/CMakeFiles/feature_tests.c
Linking C executable cmTryCompileExec493242931
/usr/bin/cmake -E cmake_link_script CMakeFiles/cmTryCompileExec493242931.dir/link.txt --verbose=1
/usr/bin/cc       CMakeFiles/cmTryCompileExec493242931.dir/feature_tests.c.o  -o cmTryCompileExec493242931 -rdynamic 
make[1]: Leaving directory `/root/stxxl/build/CMakeFiles/CMakeTmp'


    Feature record: C_FEATURE:1c_function_prototypes
    Feature record: C_FEATURE:0c_restrict
    Feature record: C_FEATURE:0c_static_assert
    Feature record: C_FEATURE:0c_variadic_macros
Determining if the CXX compiler works passed with the following output:
Change Dir: /root/stxxl/build/CMakeFiles/CMakeTmp

Run Build Command:"/usr/bin/make" "cmTryCompileExec308411711/fast"
/usr/bin/make -f CMakeFiles/cmTryCompileExec308411711.dir/build.make CMakeFiles/cmTryCompileExec308411711.dir/build
make[1]: Entering directory `/root/stxxl/build/CMakeFiles/CMakeTmp'
/usr/bin/cmake -E cmake_progress_report /root/stxxl/build/CMakeFiles/CMakeTmp/CMakeFiles 1
Building CXX object CMakeFiles/cmTryCompileExec308411711.dir/testCXXCompiler.cxx.o
/usr/bin/c++     -o CMakeFiles/cmTryCompileExec308411711.dir/testCXXCompiler.cxx.o -c /root/stxxl/build/CMakeFiles/CMakeTmp/testCXXCompiler.cxx
Linking CXX executable cmTryCompileExec308411711
/usr/bin/cmake -E cmake_link_script CMakeFiles/cmTryCompileExec308411711.dir/link.txt --verbose=1
/usr/bin/c++        CMakeFiles/cmTryCompileExec308411711.dir/testCXXCompiler.cxx.o  -o cmTryCompileExec308411711 -rdynamic 
make[1]: Leaving directory `/root/stxxl/build/CMakeFiles/CMakeTmp'


Detecting CXX compiler ABI info compiled with the following output:
Change Dir: /root/stxxl/build/CMakeFiles/CMakeTmp

Run Build Command:"/usr/bin/make" "cmTryCompileExec2433793421/fast"
/usr/bin/make -f CMakeFiles/cmTryCompileExec2433793421.dir/build.make CMakeFiles/cmTryCompileExec2433793421.dir/build
make[1]: Entering directory `/root/stxxl/build/CMakeFiles/CMakeTmp'
/usr/bin/cmake -E cmake_progress_report /root/stxxl/build/CMakeFiles/CMakeTmp/CMakeFiles 1
Building CXX object CMakeFiles/cmTryCompileExec2433793421.dir/CMakeCXXCompilerABI.cpp.o
/usr/bin/c++     -o CMakeFiles/cmTryCompileExec2433793421.dir/CMakeCXXCompilerABI.cpp.o -c /usr/share/cmake-3.2/Modules/CMakeCXXCompilerABI.cpp
Linking CXX executable cmTryCompileExec2433793421
/usr/bin/cmake -E cmake_link_script CMakeFiles/cmTryCompileExec2433793421.dir/link.txt --verbose=1
/usr/bin/c++       -v CMakeFiles/cmTryCompileExec2433793421.dir/CMakeCXXCompilerABI.cpp.o  -o cmTryCompileExec2433793421 -rdynamic  
Using built-in specs.
COLLECT_GCC=/usr/bin/c++
COLLECT_LTO_WRAPPER=/usr/lib/gcc/x86_64-linux-gnu/4.8/lto-wrapper
Target: x86_64-linux-gnu
Configured with: ../src/configure -v --with-pkgversion='Ubuntu 4.8.4-2ubuntu1~14.04' --with-bugurl=file:///usr/share/doc/gcc-4.8/README.Bugs --enable-languages=c,c++,java,go,d,fortran,objc,obj-c++ --prefix=/usr --program-suffix=-4.8 --enable-shared --enable-linker-build-id --libexecdir=/usr/lib --without-included-gettext --enable-threads=posix --with-gxx-include-dir=/usr/include/c++/4.8 --libdir=/usr/lib --enable-nls --with-sysroot=/ --enable-clocale=gnu --enable-libstdcxx-debug --enable-libstdcxx-time=yes --enable-gnu-unique-object --disable-libmudflap --enable-plugin --with-system-zlib --disable-browser-plugin --enable-java-awt=gtk --enable-gtk-cairo --with-java-home=/usr/lib/jvm/java-1.5.0-gcj-4.8-amd64/jre --enable-java-home --with-jvm-root-dir=/usr/lib/jvm/java-1.5.0-gcj-4.8-amd64 --with-jvm-jar-dir=/usr/lib/jvm-exports/java-1.5.0-gcj-4.8-amd64 --with-arch-directory=amd64 --with-ecj-jar=/usr/share/java/eclipse-ecj.jar --enable-objc-gc --enable-multiarch --disable-werror --with-arch-32=i686 --with-abi=m64 --with-multilib-list=m32,m64,mx32 --with-tune=generic --enable-checking=release --build=x86_64-linux-gnu --host=x86_64-linux-gnu --target=x86_64-linux-gnu
Thread model: posix
gcc version 4.8.4 (Ubuntu 4.8.4-2ubuntu1~14.04) 
COMPILER_PATH=/usr/lib/gcc/x86_64-linux-gnu/4.8/:/usr/lib/gcc/x86_64-linux-gnu/4.8/:/usr/lib/gcc/x86_64-linux-gnu/:/usr/lib/gcc/x86_64-linux-gnu/4.8/:/usr/lib/gcc/x86_64-linux-gnu/
LIBRARY_PATH=/usr/lib/gcc/x86_64-linux-gnu/4.8/:/usr/lib/gcc/x86_64-linux-gnu/4.8/../../../x86_64-linux-gnu/:/usr/lib/gcc/x86_64-linux-gnu/4.8/../../../../lib/:/lib/x86_64-linux-gnu/:/lib/../lib/:/usr/lib/x86_64-linux-gnu/:/usr/lib/../lib/:/usr/lib/gcc/x86_64-linux-gnu/4.8/../../../:/lib/:/usr/lib/
COLLECT_GCC_OPTIONS='-v' '-o' 'cmTryCompileExec2433793421' '-rdynamic' '-shared-libgcc' '-mtune=generic' '-march=x86-64'
 /usr/lib/gcc/x86_64-linux-gnu/4.8/collect2 --sysroot=/ --build-id --eh-frame-hdr -m elf_x86_64 --hash-style=gnu --as-needed -export-dynamic -dynamic-linker /lib64/ld-linux-x86-64.so.2 -z relro -o cmTryCompileExec2433793421 /usr/lib/gcc/x86_64-linux-gnu/4.8/../../../x86_64-linux-gnu/crt1.o /usr/lib/gcc/x86_64-linux-gnu/4.8/../../../x86_64-linux-gnu/crti.o /usr/lib/gcc/x86_64-linux-gnu/4.8/crtbegin.o -L/usr/lib/gcc/x86_64-linux-gnu/4.8 -L/usr/lib/gcc/x86_64-linux-gnu/4.8/../../../x86_64-linux-gnu -L/usr/lib/gcc/x86_64-linux-gnu/4.8/../../../../lib -L/lib/x86_64-linux-gnu -L/lib/../lib -L/usr/lib/x86_64-linux-gnu -L/usr/lib/../lib -L/usr/lib/gcc/x86_64-linux-gnu/4.8/../../.. CMakeFiles/cmTryCompileExec2433793421.dir/CMakeCXXCompilerABI.cpp.o -lstdc++ -lm -lgcc_s -lgcc -lc -lgcc_s -lgcc /usr/lib/gcc/x86_64-linux-gnu/4.8/crtend.o /usr/lib/gcc/x86_64-linux-gnu/4.8/../../../x86_64-linux-gnu/crtn.o
make[1]: Leaving directory `/root/stxxl/build/CMakeFiles/CMakeTmp'


Parsed CXX implicit link information from above output:
  link line regex: [^( *|.*[/\])(ld|([^/\]+-)?ld|collect2)[^/\]*( |$)]
  ignore line: [Change Dir: /root/stxxl/build/CMakeFiles/CMakeTmp]
  ignore line: []
  ignore line: [Run Build Command:"/usr/bin/make" "cmTryCompileExec2433793421/fast"]
  ignore line: [/usr/bin/make -f CMakeFiles/cmTryCompileExec2433793421.dir/build.make CMakeFiles/cmTryCompileExec2433793421.dir/build]
  ignore line: [make[1]: Entering directory `/root/stxxl/build/CMakeFiles/CMakeTmp']
  ignore line: [/usr/bin/cmake -E cmake_progress_report /root/stxxl/build/CMakeFiles/CMakeTmp/CMakeFiles 1]
  ignore line: [Building CXX object CMakeFiles/cmTryCompileExec2433793421.dir/CMakeCXXCompilerABI.cpp.o]
  ignore line: [/usr/bin/c++     -o CMakeFiles/cmTryCompileExec2433793421.dir/CMakeCXXCompilerABI.cpp.o -c /usr/share/cmake-3.2/Modules/CMakeCXXCompilerABI.cpp]
  ignore line: [Linking CXX executable cmTryCompileExec2433793421]
  ignore line: [/usr/bin/cmake -E cmake_link_script CMakeFiles/cmTryCompileExec2433793421.dir/link.txt --verbose=1]
  ignore line: [/usr/bin/c++       -v CMakeFiles/cmTryCompileExec2433793421.dir/CMakeCXXCompilerABI.cpp.o  -o cmTryCompileExec2433793421 -rdynamic  ]
  ignore line: [Using built-in specs.]
  ignore line: [COLLECT_GCC=/usr/bin/c++]
  ignore line: [COLLECT_LTO_WRAPPER=/usr/lib/gcc/x86_64-linux-gnu/4.8/lto-wrapper]
  ignore line: [Target: x86_64-linux-gnu]
  ignore line: [Configured with: ../src/configure -v --with-pkgversion='Ubuntu 4.8.4-2ubuntu1~14.04' --with-bugurl=file:///usr/share/doc/gcc-4.8/README.Bugs --enable-languages=c,c++,java,go,d,fortran,objc,obj-c++ --prefix=/usr --program-suffix=-4.8 --enable-shared --enable-linker-build-id --libexecdir=/usr/lib --without-included-gettext --enable-threads=posix --with-gxx-include-dir=/usr/include/c++/4.8 --libdir=/usr/lib --enable-nls --with-sysroot=/ --enable-clocale=gnu --enable-libstdcxx-debug --enable-libstdcxx-time=yes --enable-gnu-unique-object --disable-libmudflap --enable-plugin --with-system-zlib --disable-browser-plugin --enable-java-awt=gtk --enable-gtk-cairo --with-java-home=/usr/lib/jvm/java-1.5.0-gcj-4.8-amd64/jre --enable-java-home --with-jvm-root-dir=/usr/lib/jvm/java-1.5.0-gcj-4.8-amd64 --with-jvm-jar-dir=/usr/lib/jvm-exports/java-1.5.0-gcj-4.8-amd64 --with-arch-directory=amd64 --with-ecj-jar=/usr/share/java/eclipse-ecj.jar --enable-objc-gc --enable-multiarch --disable-werror --with-arch-32=i686 --with-abi=m64 --with-multilib-list=m32,m64,mx32 --with-tune=generic --enable-checking=release --build=x86_64-linux-gnu --host=x86_64-linux-gnu --target=x86_64-linux-gnu]
  ignore line: [Thread model: posix]
  ignore line: [gcc version 4.8.4 (Ubuntu 4.8.4-2ubuntu1~14.04) ]
  ignore line: [COMPILER_PATH=/usr/lib/gcc/x86_64-linux-gnu/4.8/:/usr/lib/gcc/x86_64-linux-gnu/4.8/:/usr/lib/gcc/x86_64-linux-gnu/:/usr/lib/gcc/x86_64-linux-gnu/4.8/:/usr/lib/gcc/x86_64-linux-gnu/]
  ignore line: [LIBRARY_PATH=/usr/lib/gcc/x86_64-linux-gnu/4.8/:/usr/lib/gcc/x86_64-linux-gnu/4.8/../../../x86_64-linux-gnu/:/usr/lib/gcc/x86_64-linux-gnu/4.8/../../../../lib/:/lib/x86_64-linux-gnu/:/lib/../lib/:/usr/lib/x86_64-linux-gnu/:/usr/lib/../lib/:/usr/lib/gcc/x86_64-linux-gnu/4.8/../../../:/lib/:/usr/lib/]
  ignore line: [COLLECT_GCC_OPTIONS='-v' '-o' 'cmTryCompileExec2433793421' '-rdynamic' '-shared-libgcc' '-mtune=generic' '-march=x86-64']
  link line: [ /usr/lib/gcc/x86_64-linux-gnu/4.8/collect2 --sysroot=/ --build-id --eh-frame-hdr -m elf_x86_64 --hash-style=gnu --as-needed -export-dynamic -dynamic-linker /lib64/ld-linux-x86-64.so.2 -z relro -o cmTryCompileExec2433793421 /usr/lib/gcc/x86_64-linux-gnu/4.8/../../../x86_64-linux-gnu/crt1.o /usr/lib/gcc/x86_64-linux-gnu/4.8/../../../x86_64-linux-gnu/crti.o /usr/lib/gcc/x86_64-linux-gnu/4.8/crtbegin.o -L/usr/lib/gcc/x86_64-linux-gnu/4.8 -L/usr/lib/gcc/x86_64-linux-gnu/4.8/../../../x86_64-linux-gnu -L/usr/lib/gcc/x86_64-linux-gnu/4.8/../../../../lib -L/lib/x86_64-linux-gnu -L/lib/../lib -L/usr/lib/x86_64-linux-gnu -L/usr/lib/../lib -L/usr/lib/gcc/x86_64-linux-gnu/4.8/../../.. CMakeFiles/cmTryCompileExec2433793421.dir/CMakeCXXCompilerABI.cpp.o -lstdc++ -lm -lgcc_s -lgcc -lc -lgcc_s -lgcc /usr/lib/gcc/x86_64-linux-gnu/4.8/crtend.o /usr/lib/gcc/x86_64-linux-gnu/4.8/../../../x86_64-linux-gnu/crtn.o]
    arg [/usr/lib/gcc/x86_64-linux-gnu/4.8/collect2] ==> ignore
    arg [--sysroot=/] ==> ignore
    arg [--build-id] ==> ignore
    arg [--eh-frame-hdr] ==> ignore
    arg [-m] ==> ignore
    arg [elf_x86_64] ==> ignore
    arg [--hash-style=gnu] ==> ignore
    arg [--as-needed] ==> ignore
    arg [-export-dynamic] ==> ignore
    arg [-dynamic-linker] ==> ignore
    arg [/lib64/ld-linux-x86-64.so.2] ==> ignore
    arg [-zrelro] ==> ignore
    arg [-o] ==> ignore
    arg [cmTryCompileExec2433793421] ==> ignore
    arg [/usr/lib/gcc/x86_64-linux-gnu/4.8/../../../x86_64-linux-gnu/crt1.o] ==> ignore
    arg [/usr/lib/gcc/x86_64-linux-gnu/4.8/../../../x86_64-linux-gnu/crti.o] ==> ignore
    arg [/usr/lib/gcc/x86_64-linux-gnu/4.8/crtbegin.o] ==> ignore
    arg [-L/usr/lib/gcc/x86_64-linux-gnu/4.8] ==> dir [/usr/lib/gcc/x86_64-linux-gnu/4.8]
    arg [-L/usr/lib/gcc/x86_64-linux-gnu/4.8/../../../x86_64-linux-gnu] ==> dir [/usr/lib/gcc/x86_64-linux-gnu/4.8/../../../x86_64-linux-gnu]
    arg [-L/usr/lib/gcc/x86_64-linux-gnu/4.8/../../../../lib] ==> dir [/usr/lib/gcc/x86_64-linux-gnu/4.8/../../../../lib]
    arg [-L/lib/x86_64-linux-gnu] ==> dir [/lib/x86_64-linux-gnu]
    arg [-L/lib/../lib] ==> dir [/lib/../lib]
    arg [-L/usr/lib/x86_64-linux-gnu] ==> dir [/usr/lib/x86_64-linux-gnu]
    arg [-L/usr/lib/../lib] ==> dir [/usr/lib/../lib]
    arg [-L/usr/lib/gcc/x86_64-linux-gnu/4.8/../../..] ==> dir [/usr/lib/gcc/x86_64-linux-gnu/4.8/../../..]
    arg [CMakeFiles/cmTryCompileExec2433793421.dir/CMakeCXXCompilerABI.cpp.o] ==> ignore
    arg [-lstdc++] ==> lib [stdc++]
    arg [-lm] ==> lib [m]
    arg [-lgcc_s] ==> lib [gcc_s]
    arg [-lgcc] ==> lib [gcc]
    arg [-lc] ==> lib [c]
    arg [-lgcc_s] ==> lib [gcc_s]
    arg [-lgcc] ==> lib [gcc]
    arg [/usr/lib/gcc/x86_64-linux-gnu/4.8/crtend.o] ==> ignore
    arg [/usr/lib/gcc/x86_64-linux-gnu/4.8/../../../x86_64-linux-gnu/crtn.o] ==> ignore
  remove lib [gcc_s]
  remove lib [gcc]
  remove lib [gcc_s]
  remove lib [gcc]
  collapse library dir [/usr/lib/gcc/x86_64-linux-gnu/4.8] ==> [/usr/lib/gcc/x86_64-linux-gnu/4.8]
  collapse library dir [/usr/lib/gcc/x86_64-linux-gnu/4.8/../../../x86_64-linux-gnu] ==> [/usr/lib/x86_64-linux-gnu]
  collapse library dir [/usr/lib/gcc/x86_64-linux-gnu/4.8/../../../../lib] ==> [/usr/lib]
  collapse library dir [/lib/x86_64-linux-gnu] ==> [/lib/x86_64-linux-gnu]
  collapse library dir [/lib/../lib] ==> [/lib]
  collapse library dir [/usr/lib/x86_64-linux-gnu] ==> [/usr/lib/x86_64-linux-gnu]
  collapse library dir [/usr/lib/../lib] ==> [/usr/lib]
  collapse library dir [/usr/lib/gcc/x86_64-linux-gnu/4.8/../../..] ==> [/usr/lib]
  implicit libs: [stdc++;m;c]
  implicit dirs: [/usr/lib/gcc/x86_64-linux-gnu/4.8;/usr/lib/x86_64-linux-gnu;/usr/lib;/lib/x86_64-linux-gnu;/lib]
  implicit fwks: []




Detecting CXX [-std=c++1y] compiler features compiled with the following output:
Change Dir: /root/stxxl/build/CMakeFiles/CMakeTmp

Run Build Command:"/usr/bin/make" "cmTryCompileExec1469298003/fast"
/usr/bin/make -f CMakeFiles/cmTryCompileExec1469298003.dir/build.make CMakeFiles/cmTryCompileExec1469298003.dir/build
make[1]: Entering directory `/root/stxxl/build/CMakeFiles/CMakeTmp'
/usr/bin/cmake -E cmake_progress_report /root/stxxl/build/CMakeFiles/CMakeTmp/CMakeFiles 1
Building CXX object CMakeFiles/cmTryCompileExec1469298003.dir/feature_tests.cxx.o
/usr/bin/c++    -std=c++1y -o CMakeFiles/cmTryCompileExec1469298003.dir/feature_tests.cxx.o -c /root/stxxl/build/CMakeFiles/feature_tests.cxx
Linking CXX executable cmTryCompileExec1469298003
/usr/bin/cmake -E cmake_link_script CMakeFiles/cmTryCompileExec1469298003.dir/link.txt --verbose=1
/usr/bin/c++        CMakeFiles/cmTryCompileExec1469298003.dir/feature_tests.cxx.o  -o cmTryCompileExec1469298003 -rdynamic 
make[1]: Leaving directory `/root/stxxl/build/CMakeFiles/CMakeTmp'


    Feature record: CXX_FEATURE:0cxx_aggregate_default_initializers
    Feature record: CXX_FEATURE:1cxx_alias_templates
    Feature record: CXX_FEATURE:1cxx_alignas
    Feature record: CXX_FEATURE:1cxx_alignof
    Feature record: CXX_FEATURE:1cxx_attributes
    Feature record: CXX_FEATURE:0cxx_attribute_deprecated
    Feature record: CXX_FEATURE:1cxx_auto_type
    Feature record: CXX_FEATURE:0cxx_binary_literals
    Feature record: CXX_FEATURE:1cxx_constexpr
    Feature record: CXX_FEATURE:0cxx_contextual_conversions
    Feature record: CXX_FEATURE:1cxx_decltype
    Feature record: CXX_FEATURE:0cxx_decltype_auto
    Feature record: CXX_FEATURE:1cxx_decltype_incomplete_return_types
    Feature record: CXX_FEATURE:1cxx_default_function_template_args
    Feature record: CXX_FEATURE:1cxx_defaulted_functions
    Feature record: CXX_FEATURE:1cxx_defaulted_move_initializers
    Feature record: CXX_FEATURE:1cxx_delegating_constructors
    Feature record: CXX_FEATURE:1cxx_deleted_functions
    Feature record: CXX_FEATURE:0cxx_digit_separators
    Feature record: CXX_FEATURE:1cxx_enum_forward_declarations
    Feature record: CXX_FEATURE:1cxx_explicit_conversions
    Feature record: CXX_FEATURE:1cxx_extended_friend_declarations
    Feature record: CXX_FEATURE:1cxx_extern_templates
    Feature record: CXX_FEATURE:1cxx_final
    Feature record: CXX_FEATURE:1cxx_func_identifier
    Feature record: CXX_FEATURE:1cxx_generalized_initializers
    Feature record: CXX_FEATURE:0cxx_generic_lambdas
    Feature record: CXX_FEATURE:1cxx_inheriting_constructors
    Feature record: CXX_FEATURE:1cxx_inline_namespaces
    Feature record: CXX_FEATURE:1cxx_lambdas
    Feature record: CXX_FEATURE:0cxx_lambda_init_captures
    Feature record: CXX_FEATURE:1cxx_local_type_template_args
    Feature record: CXX_FEATURE:1cxx_long_long_type
    Feature record: CXX_FEATURE:1cxx_noexcept
    Feature record: CXX_FEATURE:1cxx_nonstatic_member_init
    Feature record: CXX_FEATURE:1cxx_nullptr
    Feature record: CXX_FEATURE:1cxx_override
    Feature record: CXX_FEATURE:1cxx_range_for
    Feature record: CXX_FEATURE:1cxx_raw_string_literals
    Feature record: CXX_FEATURE:1cxx_reference_qualified_functions
    Feature record: CXX_FEATURE:0cxx_relaxed_constexpr
    Feature record: CXX_FEATURE:0cxx_return_type_deduction
    Feature record: CXX_FEATURE:1cxx_right_angle_brackets
    Feature record: CXX_FEATURE:1cxx_rvalue_references
    Feature record: CXX_FEATURE:1cxx_sizeof_member
    Feature record: CXX_FEATURE:1cxx_static_assert
    Feature record: CXX_FEATURE:1cxx_strong_enums
    Feature record: CXX_FEATURE:1cxx_template_template_parameters
    Feature record: CXX_FEATURE:1cxx_thread_local
    Feature record: CXX_FEATURE:1cxx_trailing_return_types
    Feature record: CXX_FEATURE:1cxx_unicode_literals
    Feature record: CXX_FEATURE:1cxx_uniform_initialization
    Feature record: CXX_FEATURE:1cxx_unrestricted_unions
    Feature record: CXX_FEATURE:1cxx_user_literals
    Feature record: CXX_FEATURE:0cxx_variable_templates
    Feature record: CXX_FEATURE:1cxx_variadic_macros
    Feature record: CXX_FEATURE:1cxx_variadic_templates


Detecting CXX [-std=c++11] compiler features compiled with the following output:
Change Dir: /root/stxxl/build/CMakeFiles/CMakeTmp

Run Build Command:"/usr/bin/make" "cmTryCompileExec2643228715/fast"
/usr/bin/make -f CMakeFiles/cmTryCompileExec2643228715.dir/build.make CMakeFiles/cmTryCompileExec2643228715.dir/build
make[1]: Entering directory `/root/stxxl/build/CMakeFiles/CMakeTmp'
/usr/bin/cmake -E cmake_progress_report /root/stxxl/build/CMakeFiles/CMakeTmp/CMakeFiles 1
Building CXX object CMakeFiles/cmTryCompileExec2643228715.dir/feature_tests.cxx.o
/usr/bin/c++    -std=c++11 -o CMakeFiles/cmTryCompileExec2643228715.dir/feature_tests.cxx.o -c /root/stxxl/build/CMakeFiles/feature_tests.cxx
Linking CXX executable cmTryCompileExec2643228715
/usr/bin/cmake -E cmake_link_script CMakeFiles/cmTryCompileExec2643228715.dir/link.txt --verbose=1
/usr/bin/c++        CMakeFiles/cmTryCompileExec2643228715.dir/feature_tests.cxx.o  -o cmTryCompileExec2643228715 -rdynamic 
make[1]: Leaving directory `/root/stxxl/build/CMakeFiles/CMakeTmp'


    Feature record: CXX_FEATURE:0cxx_aggregate_default_initializers
    Feature record: CXX_FEATURE:1cxx_alias_templates
    Feature record: CXX_FEATURE:1cxx_alignas
    Feature record: CXX_FEATURE:1cxx_alignof
    Feature record: CXX_FEATURE:1cxx_attributes
    Feature record: CXX_FEATURE:0cxx_attribute_deprecated
    Feature record: CXX_FEATURE:1cxx_auto_type
    Feature record: CXX_FEATURE:0cxx_binary_literals
    Feature record: CXX_FEATURE:1cxx_constexpr
    Feature record: CXX_FEATURE:0cxx_contextual_conversions
    Feature record: CXX_FEATURE:1cxx_decltype
    Feature record: CXX_FEATURE:0cxx_decltype_auto
    Feature record: CXX_FEATURE:1cxx_decltype_incomplete_return_types
    Feature record: CXX_FEATURE:1cxx_default_function_template_args
    Feature record: CXX_FEATURE:1cxx_defaulted_functions
    Feature record: CXX_FEATURE:1cxx_defaulted_move_initializers
    Feature record: CXX_FEATURE:1cxx_delegating_constructors
    Feature record: CXX_FEATURE:1cxx_deleted_functions
    Feature record: CXX_FEATURE:0cxx_digit_separators
    Feature record: CXX_FEATURE:1cxx_enum_forward_declarations
    Feature record: CXX_FEATURE:1cxx_explicit_conversions
    Feature record: CXX_FEATURE:1cxx_extended_friend_declarations
    Feature record: CXX_FEATURE:1cxx_extern_templates
    Feature record: CXX_FEATURE:1cxx_final
    Feature record: CXX_FEATURE:1cxx_func_identifier
    Feature record: CXX_FEATURE:1cxx_generalized_initializers
    Feature record: CXX_FEATURE:0cxx_generic_lambdas
    Feature record: CXX_FEATURE:1cxx_inheriting_constructors
    Feature record: CXX_FEATURE:1cxx_inline_namespaces
    Feature record: CXX_FEATURE:1cxx_lambdas
    Feature record: CXX_FEATURE:0cxx_lambda_init_captures
    Feature record: CXX_FEATURE:1cxx_local_type_template_args
    Feature record: CXX_FEATURE:1cxx_long_long_type
    Feature record: CXX_FEATURE:1cxx_noexcept
    Feature record: CXX_FEATURE:1cxx_nonstatic_member_init
    Feature record: CXX_FEATURE:1cxx_nullptr
    Feature record: CXX_FEATURE:1cxx_override
    Feature record: CXX_FEATURE:1cxx_range_for
    Feature record: CXX_FEATURE:1cxx_raw_string_literals
    Feature record: CXX_FEATURE:1cxx_reference_qualified_functions
    Feature record: CXX_FEATURE:0cxx_relaxed_constexpr
    Feature record: CXX_FEATURE:0cxx_return_type_deduction
    Feature record: CXX_FEATURE:1cxx_right_angle_brackets
    Feature record: CXX_FEATURE:1cxx_rvalue_references
    Feature record: CXX_FEATURE:1cxx_sizeof_member
    Feature record: CXX_FEATURE:1cxx_static_assert
    Feature record: CXX_FEATURE:1cxx_strong_enums
    Feature record: CXX_FEATURE:1cxx_template_template_parameters
    Feature record: CXX_FEATURE:1cxx_thread_local
    Feature record: CXX_FEATURE:1cxx_trailing_return_types
    Feature record: CXX_FEATURE:1cxx_unicode_literals
    Feature record: CXX_FEATURE:1cxx_uniform_initialization
    Feature record: CXX_FEATURE:1cxx_unrestricted_unions
    Feature record: CXX_FEATURE:1cxx_user_literals
    Feature record: CXX_FEATURE:0cxx_variable_templates
    Feature record: CXX_FEATURE:1cxx_variadic_macros
    Feature record: CXX_FEATURE:1cxx_variadic_templates


Detecting CXX [-std=c++98] compiler features compiled with the following output:
Change Dir: /root/stxxl/build/CMakeFiles/CMakeTmp

Run Build Command:"/usr/bin/make" "cmTryCompileExec1858254043/fast"
/usr/bin/make -f CMakeFiles/cmTryCompileExec1858254043.dir/build.make CMakeFiles/cmTryCompileExec1858254043.dir/build
make[1]: Entering directory `/root/stxxl/build/CMakeFiles/CMakeTmp'
/usr/bin/cmake -E cmake_progress_report /root/stxxl/build/CMakeFiles/CMakeTmp/CMakeFiles 1
Building CXX object CMakeFiles/cmTryCompileExec1858254043.dir/feature_tests.cxx.o
/usr/bin/c++    -std=c++98 -o CMakeFiles/cmTryCompileExec1858254043.dir/feature_tests.cxx.o -c /root/stxxl/build/CMakeFiles/feature_tests.cxx
Linking CXX executable cmTryCompileExec1858254043
/usr/bin/cmake -E cmake_link_script CMakeFiles/cmTryCompileExec1858254043.dir/link.txt --verbose=1
/usr/bin/c++        CMakeFiles/cmTryCompileExec1858254043.dir/feature_tests.cxx.o  -o cmTryCompileExec1858254043 -rdynamic 
make[1]: Leaving directory `/root/stxxl/build/CMakeFiles/CMakeTmp'


    Feature record: CXX_FEATURE:0cxx_aggregate_default_initializers
    Feature record: CXX_FEATURE:0cxx_alias_templates
    Feature record: CXX_FEATURE:0cxx_alignas
    Feature record: CXX_FEATURE:0cxx_alignof
    Feature record: CXX_FEATURE:0cxx_attributes
    Feature record: CXX_FEATURE:0cxx_attribute_deprecated
    Feature record: CXX_FEATURE:0cxx_auto_type
    Feature record: CXX_FEATURE:0cxx_binary_literals
    Feature record: CXX_FEATURE:0cxx_constexpr
    Feature record: CXX_FEATURE:0cxx_contextual_conversions
    Feature record: CXX_FEATURE:0cxx_decltype
    Feature record: CXX_FEATURE:0cxx_decltype_auto
    Feature record: CXX_FEATURE:0cxx_decltype_incomplete_return_types
    Feature record: CXX_FEATURE:0cxx_default_function_template_args
    Feature record: CXX_FEATURE:0cxx_defaulted_functions
    Feature record: CXX_FEATURE:0cxx_defaulted_move_initializers
    Feature record: CXX_FEATURE:0cxx_delegating_constructors
    Feature record: CXX_FEATURE:0cxx_deleted_functions
    Feature record: CXX_FEATURE:0cxx_digit_separators
    Feature record: CXX_FEATURE:0cxx_enum_forward_declarations
    Feature record: CXX_FEATURE:0cxx_explicit_conversions
    Feature record: CXX_FEATURE:0cxx_extended_friend_declarations
    Feature record: CXX_FEATURE:0cxx_extern_templates
    Feature record: CXX_FEATURE:0cxx_final
    Feature record: CXX_FEATURE:0cxx_func_identifier
    Feature record: CXX_FEATURE:0cxx_generalized_initializers
    Feature record: CXX_FEATURE:0cxx_generic_lambdas
    Feature record: CXX_FEATURE:0cxx_inheriting_constructors
    Feature record: CXX_FEATURE:0cxx_inline_namespaces
    Feature record: CXX_FEATURE:0cxx_lambdas
    Feature record: CXX_FEATURE:0cxx_lambda_init_captures
    Feature record: CXX_FEATURE:0cxx_local_type_template_args
    Feature record: CXX_FEATURE:0cxx_long_long_type
    Feature record: CXX_FEATURE:0cxx_noexcept
    Feature record: CXX_FEATURE:0cxx_nonstatic_member_init
    Feature record: CXX_FEATURE:0cxx_nullptr
    Feature record: CXX_FEATURE:0cxx_override
    Feature record: CXX_FEATURE:0cxx_range_for
    Feature record: CXX_FEATURE:0cxx_raw_string_literals
    Feature record: CXX_FEATURE:0cxx_reference_qualified_functions
    Feature record: CXX_FEATURE:0cxx_relaxed_constexpr
    Feature record: CXX_FEATURE:0cxx_return_type_deduction
    Feature record: CXX_FEATURE:0cxx_right_angle_brackets
    Feature record: CXX_FEATURE:0cxx_rvalue_references
    Feature record: CXX_FEATURE:0cxx_sizeof_member
    Feature record: CXX_FEATURE:0cxx_static_assert
    Feature record: CXX_FEATURE:0cxx_strong_enums
    Feature record: CXX_FEATURE:1cxx_template_template_parameters
    Feature record: CXX_FEATURE:0cxx_thread_local
    Feature record: CXX_FEATURE:0cxx_trailing_return_types
    Feature record: CXX_FEATURE:0cxx_unicode_literals
    Feature record: CXX_FEATURE:0cxx_uniform_initialization
    Feature record: CXX_FEATURE:0cxx_unrestricted_unions
    Feature record: CXX_FEATURE:0cxx_user_literals
    Feature record: CXX_FEATURE:0cxx_variable_templates
    Feature record: CXX_FEATURE:0cxx_variadic_macros
    Feature record: CXX_FEATURE:0cxx_variadic_templates
Performing C++ SOURCE FILE Test CXX_HAS_FLAGS_WEXTRA succeded with the following output:
Change Dir: /root/stxxl/build/CMakeFiles/CMakeTmp

Run Build Command:"/usr/bin/make" "cmTryCompileExec1253973782/fast"
/usr/bin/make -f CMakeFiles/cmTryCompileExec1253973782.dir/build.make CMakeFiles/cmTryCompileExec1253973782.dir/build
make[1]: Entering directory `/root/stxxl/build/CMakeFiles/CMakeTmp'
/usr/bin/cmake -E cmake_progress_report /root/stxxl/build/CMakeFiles/CMakeTmp/CMakeFiles 1
Building CXX object CMakeFiles/cmTryCompileExec1253973782.dir/src.cxx.o
/usr/bin/c++    -W -Wall -pedantic -Wno-long-long -DCXX_HAS_FLAGS_WEXTRA   -Wextra -o CMakeFiles/cmTryCompileExec1253973782.dir/src.cxx.o -c /root/stxxl/build/CMakeFiles/CMakeTmp/src.cxx
Linking CXX executable cmTryCompileExec1253973782
/usr/bin/cmake -E cmake_link_script CMakeFiles/cmTryCompileExec1253973782.dir/link.txt --verbose=1
/usr/bin/c++    -W -Wall -pedantic -Wno-long-long -DCXX_HAS_FLAGS_WEXTRA    CMakeFiles/cmTryCompileExec1253973782.dir/src.cxx.o  -o cmTryCompileExec1253973782 -rdynamic 
make[1]: Leaving directory `/root/stxxl/build/CMakeFiles/CMakeTmp'

Source file was:
int main() { return 0; }
Performing C++ SOURCE FILE Test CXX_HAS_TEMPLATE_DEPTH succeded with the following output:
Change Dir: /root/stxxl/build/CMakeFiles/CMakeTmp

Run Build Command:"/usr/bin/make" "cmTryCompileExec2817460795/fast"
/usr/bin/make -f CMakeFiles/cmTryCompileExec2817460795.dir/build.make CMakeFiles/cmTryCompileExec2817460795.dir/build
make[1]: Entering directory `/root/stxxl/build/CMakeFiles/CMakeTmp'
/usr/bin/cmake -E cmake_progress_report /root/stxxl/build/CMakeFiles/CMakeTmp/CMakeFiles 1
Building CXX object CMakeFiles/cmTryCompileExec2817460795.dir/src.cxx.o
/usr/bin/c++    -W -Wall -pedantic -Wno-long-long -Wextra -DCXX_HAS_TEMPLATE_DEPTH   -ftemplate-depth=1024 -o CMakeFiles/cmTryCompileExec2817460795.dir/src.cxx.o -c /root/stxxl/build/CMakeFiles/CMakeTmp/src.cxx
Linking CXX executable cmTryCompileExec2817460795
/usr/bin/cmake -E cmake_link_script CMakeFiles/cmTryCompileExec2817460795.dir/link.txt --verbose=1
/usr/bin/c++    -W -Wall -pedantic -Wno-long-long -Wextra -DCXX_HAS_TEMPLATE_DEPTH    CMakeFiles/cmTryCompileExec2817460795.dir/src.cxx.o  -o cmTryCompileExec2817460795 -rdynamic 
make[1]: Leaving directory `/root/stxxl/build/CMakeFiles/CMakeTmp'

Source file was:
int main() { return 0; }
Performing C++ SOURCE FILE Test CXX_HAS_STD_CXX11 succeded with the following output:
Change Dir: /root/stxxl/build/CMakeFiles/CMakeTmp

Run Build Command:"/usr/bin/make" "cmTryCompileExec3569018974/fast"
/usr/bin/make -f CMakeFiles/cmTryCompileExec3569018974.dir/build.make CMakeFiles/cmTryCompileExec3569018974.dir/build
make[1]: Entering directory `/root/stxxl/build/CMakeFiles/CMakeTmp'
/usr/bin/cmake -E cmake_progress_report /root/stxxl/build/CMakeFiles/CMakeTmp/CMakeFiles 1
Building CXX object CMakeFiles/cmTryCompileExec3569018974.dir/src.cxx.o
/usr/bin/c++    -W -Wall -pedantic -Wno-long-long -Wextra -ftemplate-depth=1024 -DCXX_HAS_STD_CXX11   -std=c++11 -o CMakeFiles/cmTryCompileExec3569018974.dir/src.cxx.o -c /root/stxxl/build/CMakeFiles/CMakeTmp/src.cxx
Linking CXX executable cmTryCompileExec3569018974
/usr/bin/cmake -E cmake_link_script CMakeFiles/cmTryCompileExec3569018974.dir/link.txt --verbose=1
/usr/bin/c++    -W -Wall -pedantic -Wno-long-long -Wextra -ftemplate-depth=1024 -DCXX_HAS_STD_CXX11    CMakeFiles/cmTryCompileExec3569018974.dir/src.cxx.o  -o cmTryCompileExec3569018974 -rdynamic 
make[1]: Leaving directory `/root/stxxl/build/CMakeFiles/CMakeTmp'

Source file was:
int main() { return 0; }
Performing C++ SOURCE FILE Test STXXL_HAVE_CXX11_RANGE_FOR_LOOP succeded with the following output:
Change Dir: /root/stxxl/build/CMakeFiles/CMakeTmp

Run Build Command:"/usr/bin/make" "cmTryCompileExec1140813634/fast"
/usr/bin/make -f CMakeFiles/cmTryCompileExec1140813634.dir/build.make CMakeFiles/cmTryCompileExec1140813634.dir/build
make[1]: Entering directory `/root/stxxl/build/CMakeFiles/CMakeTmp'
/usr/bin/cmake -E cmake_progress_report /root/stxxl/build/CMakeFiles/CMakeTmp/CMakeFiles 1
Building CXX object CMakeFiles/cmTryCompileExec1140813634.dir/src.cxx.o
/usr/bin/c++    -W -Wall -pedantic -Wno-long-long -Wextra -ftemplate-depth=1024 -std=c++11 -DSTXXL_HAVE_CXX11_RANGE_FOR_LOOP   -o CMakeFiles/cmTryCompileExec1140813634.dir/src.cxx.o -c /root/stxxl/build/CMakeFiles/CMakeTmp/src.cxx
Linking CXX executable cmTryCompileExec1140813634
/usr/bin/cmake -E cmake_link_script CMakeFiles/cmTryCompileExec1140813634.dir/link.txt --verbose=1
/usr/bin/c++    -W -Wall -pedantic -Wno-long-long -Wextra -ftemplate-depth=1024 -std=c++11 -DSTXXL_HAVE_CXX11_RANGE_FOR_LOOP    CMakeFiles/cmTryCompileExec1140813634.dir/src.cxx.o  -o cmTryCompileExec1140813634 -rdynamic 
make[1]: Leaving directory `/root/stxxl/build/CMakeFiles/CMakeTmp'

Source file was:
#include <vector>
  int main() { std::vector<int> v(42); for (auto i : v) { ++i; } return 0; }
Determining if the include file pthread.h exists passed with the following output:
Change Dir: /root/stxxl/build/CMakeFiles/CMakeTmp

Run Build Command:"/usr/bin/make" "cmTryCompileExec155718727/fast"
/usr/bin/make -f CMakeFiles/cmTryCompileExec155718727.dir/build.make CMakeFiles/cmTryCompileExec155718727.dir/build
make[1]: Entering directory `/root/stxxl/build/CMakeFiles/CMakeTmp'
/usr/bin/cmake -E cmake_progress_report /root/stxxl/build/CMakeFiles/CMakeTmp/CMakeFiles 1
Building CXX object CMakeFiles/cmTryCompileExec155718727.dir/CheckIncludeFile.cxx.o
/usr/bin/c++    -W -Wall -pedantic -Wno-long-long -Wextra -ftemplate-depth=1024 -std=c++11    -o CMakeFiles/cmTryCompileExec155718727.dir/CheckIncludeFile.cxx.o -c /root/stxxl/build/CMakeFiles/CMakeTmp/CheckIncludeFile.cxx
Linking CXX executable cmTryCompileExec155718727
/usr/bin/cmake -E cmake_link_script CMakeFiles/cmTryCompileExec155718727.dir/link.txt --verbose=1
/usr/bin/c++    -W -Wall -pedantic -Wno-long-long -Wextra -ftemplate-depth=1024 -std=c++11     CMakeFiles/cmTryCompileExec155718727.dir/CheckIncludeFile.cxx.o  -o cmTryCompileExec155718727 -rdynamic 
make[1]: Leaving directory `/root/stxxl/build/CMakeFiles/CMakeTmp'


Determining if files pthread.h exist passed with the following output:
Change Dir: /root/stxxl/build/CMakeFiles/CMakeTmp

Run Build Command:"/usr/bin/make" "cmTryCompileExec3894872766/fast"
/usr/bin/make -f CMakeFiles/cmTryCompileExec3894872766.dir/build.make CMakeFiles/cmTryCompileExec3894872766.dir/build
make[1]: Entering directory `/root/stxxl/build/CMakeFiles/CMakeTmp'
/usr/bin/cmake -E cmake_progress_report /root/stxxl/build/CMakeFiles/CMakeTmp/CMakeFiles 1
Building C object CMakeFiles/cmTryCompileExec3894872766.dir/CheckIncludeFiles.c.o
/usr/bin/cc    -o CMakeFiles/cmTryCompileExec3894872766.dir/CheckIncludeFiles.c.o   -c /root/stxxl/build/CMakeFiles/CMakeTmp/CheckIncludeFiles.c
Linking C executable cmTryCompileExec3894872766
/usr/bin/cmake -E cmake_link_script CMakeFiles/cmTryCompileExec3894872766.dir/link.txt --verbose=1
/usr/bin/cc       CMakeFiles/cmTryCompileExec3894872766.dir/CheckIncludeFiles.c.o  -o cmTryCompileExec3894872766 -rdynamic 
make[1]: Leaving directory `/root/stxxl/build/CMakeFiles/CMakeTmp'


Determining if the function pthread_create exists in the pthread passed with the following output:
Change Dir: /root/stxxl/build/CMakeFiles/CMakeTmp

Run Build Command:"/usr/bin/make" "cmTryCompileExec2863827670/fast"
/usr/bin/make -f CMakeFiles/cmTryCompileExec2863827670.dir/build.make CMakeFiles/cmTryCompileExec2863827670.dir/build
make[1]: Entering directory `/root/stxxl/build/CMakeFiles/CMakeTmp'
/usr/bin/cmake -E cmake_progress_report /root/stxxl/build/CMakeFiles/CMakeTmp/CMakeFiles 1
Building C object CMakeFiles/cmTryCompileExec2863827670.dir/CheckFunctionExists.c.o
/usr/bin/cc   -DCHECK_FUNCTION_EXISTS=pthread_create   -o CMakeFiles/cmTryCompileExec2863827670.dir/CheckFunctionExists.c.o   -c /usr/share/cmake-3.2/Modules/CheckFunctionExists.c
Linking C executable cmTryCompileExec2863827670
/usr/bin/cmake -E cmake_link_script CMakeFiles/cmTryCompileExec2863827670.dir/link.txt --verbose=1
/usr/bin/cc   -DCHECK_FUNCTION_EXISTS=pthread_create    CMakeFiles/cmTryCompileExec2863827670.dir/CheckFunctionExists.c.o  -o cmTryCompileExec2863827670 -rdynamic -lpthread 
make[1]: Leaving directory `/root/stxxl/build/CMakeFiles/CMakeTmp'


Performing C++ SOURCE FILE Test STXXL_HAVE_O_DIRECT succeded with the following output:
Change Dir: /root/stxxl/build/CMakeFiles/CMakeTmp

Run Build Command:"/usr/bin/make" "cmTryCompileExec2230415215/fast"
/usr/bin/make -f CMakeFiles/cmTryCompileExec2230415215.dir/build.make CMakeFiles/cmTryCompileExec2230415215.dir/build
make[1]: Entering directory `/root/stxxl/build/CMakeFiles/CMakeTmp'
/usr/bin/cmake -E cmake_progress_report /root/stxxl/build/CMakeFiles/CMakeTmp/CMakeFiles 1
Building CXX object CMakeFiles/cmTryCompileExec2230415215.dir/src.cxx.o
/usr/bin/c++    -W -Wall -pedantic -Wno-long-long -Wextra -ftemplate-depth=1024 -std=c++11 -DSTXXL_HAVE_O_DIRECT   -o CMakeFiles/cmTryCompileExec2230415215.dir/src.cxx.o -c /root/stxxl/build/CMakeFiles/CMakeTmp/src.cxx
Linking CXX executable cmTryCompileExec2230415215
/usr/bin/cmake -E cmake_link_script CMakeFiles/cmTryCompileExec2230415215.dir/link.txt --verbose=1
/usr/bin/c++    -W -Wall -pedantic -Wno-long-long -Wextra -ftemplate-depth=1024 -std=c++11 -DSTXXL_HAVE_O_DIRECT    CMakeFiles/cmTryCompileExec2230415215.dir/src.cxx.o  -o cmTryCompileExec2230415215 -rdynamic 
make[1]: Leaving directory `/root/stxxl/build/CMakeFiles/CMakeTmp'

Source file was:

#include <unistd.h>
#include <fcntl.h>
int main() { return ((int)O_DIRECT) != 0; }

Determining if the mmap exist passed with the following output:
Change Dir: /root/stxxl/build/CMakeFiles/CMakeTmp

Run Build Command:"/usr/bin/make" "cmTryCompileExec3877403103/fast"
/usr/bin/make -f CMakeFiles/cmTryCompileExec3877403103.dir/build.make CMakeFiles/cmTryCompileExec3877403103.dir/build
make[1]: Entering directory `/root/stxxl/build/CMakeFiles/CMakeTmp'
/usr/bin/cmake -E cmake_progress_report /root/stxxl/build/CMakeFiles/CMakeTmp/CMakeFiles 1
Building C object CMakeFiles/cmTryCompileExec3877403103.dir/CheckSymbolExists.c.o
/usr/bin/cc    -o CMakeFiles/cmTryCompileExec3877403103.dir/CheckSymbolExists.c.o   -c /root/stxxl/build/CMakeFiles/CMakeTmp/CheckSymbolExists.c
Linking C executable cmTryCompileExec3877403103
/usr/bin/cmake -E cmake_link_script CMakeFiles/cmTryCompileExec3877403103.dir/link.txt --verbose=1
/usr/bin/cc       CMakeFiles/cmTryCompileExec3877403103.dir/CheckSymbolExists.c.o  -o cmTryCompileExec3877403103 -rdynamic 
make[1]: Leaving directory `/root/stxxl/build/CMakeFiles/CMakeTmp'

File /root/stxxl/build/CMakeFiles/CMakeTmp/CheckSymbolExists.c:
/* */
#include <sys/mman.h>

int main(int argc, char** argv)
{
  (void)argv;
#ifndef mmap
  return ((int*)(&mmap))[argc];
#else
  (void)argc;
  return 0;
#endif
}

Performing C++ SOURCE FILE Test STXXL_HAVE_LINUXAIO_FILE succeded with the following output:
Change Dir: /root/stxxl/build/CMakeFiles/CMakeTmp

Run Build Command:"/usr/bin/make" "cmTryCompileExec1049964812/fast"
/usr/bin/make -f CMakeFiles/cmTryCompileExec1049964812.dir/build.make CMakeFiles/cmTryCompileExec1049964812.dir/build
make[1]: Entering directory `/root/stxxl/build/CMakeFiles/CMakeTmp'
/usr/bin/cmake -E cmake_progress_report /root/stxxl/build/CMakeFiles/CMakeTmp/CMakeFiles 1
Building CXX object CMakeFiles/cmTryCompileExec1049964812.dir/src.cxx.o
/usr/bin/c++    -W -Wall -pedantic -Wno-long-long -Wextra -ftemplate-depth=1024 -std=c++11 -DSTXXL_HAVE_LINUXAIO_FILE   -o CMakeFiles/cmTryCompileExec1049964812.dir/src.cxx.o -c /root/stxxl/build/CMakeFiles/CMakeTmp/src.cxx
Linking CXX executable cmTryCompileExec1049964812
/usr/bin/cmake -E cmake_link_script CMakeFiles/cmTryCompileExec1049964812.dir/link.txt --verbose=1
/usr/bin/c++    -W -Wall -pedantic -Wno-long-long -Wextra -ftemplate-depth=1024 -std=c++11 -DSTXXL_HAVE_LINUXAIO_FILE    CMakeFiles/cmTryCompileExec1049964812.dir/src.cxx.o  -o cmTryCompileExec1049964812 -rdynamic 
make[1]: Leaving directory `/root/stxxl/build/CMakeFiles/CMakeTmp'

Source file was:
#include <unistd.h>
   #include <sys/syscall.h>
   #include <linux/aio_abi.h>
   int main() {
       aio_context_t context;
       long r = syscall(SYS_io_setup, 5, &context);
       return (r == 0) ? 0 : -1;
   }
Performing C++ SOURCE FILE Test STXXL_HAVE_SYNC_ADD_AND_FETCH succeded with the following output:
Change Dir: /root/stxxl/build/CMakeFiles/CMakeTmp

Run Build Command:"/usr/bin/make" "cmTryCompileExec3523492978/fast"
/usr/bin/make -f CMakeFiles/cmTryCompileExec3523492978.dir/build.make CMakeFiles/cmTryCompileExec3523492978.dir/build
make[1]: Entering directory `/root/stxxl/build/CMakeFiles/CMakeTmp'
/usr/bin/cmake -E cmake_progress_report /root/stxxl/build/CMakeFiles/CMakeTmp/CMakeFiles 1
Building CXX object CMakeFiles/cmTryCompileExec3523492978.dir/src.cxx.o
/usr/bin/c++    -W -Wall -pedantic -Wno-long-long -Wextra -ftemplate-depth=1024 -std=c++11 -DSTXXL_HAVE_SYNC_ADD_AND_FETCH   -o CMakeFiles/cmTryCompileExec3523492978.dir/src.cxx.o -c /root/stxxl/build/CMakeFiles/CMakeTmp/src.cxx
Linking CXX executable cmTryCompileExec3523492978
/usr/bin/cmake -E cmake_link_script CMakeFiles/cmTryCompileExec3523492978.dir/link.txt --verbose=1
/usr/bin/c++    -W -Wall -pedantic -Wno-long-long -Wextra -ftemplate-depth=1024 -std=c++11 -DSTXXL_HAVE_SYNC_ADD_AND_FETCH    CMakeFiles/cmTryCompileExec3523492978.dir/src.cxx.o  -o cmTryCompileExec3523492978 -rdynamic 
make[1]: Leaving directory `/root/stxxl/build/CMakeFiles/CMakeTmp'

Source file was:
int main() { int x; __sync_add_and_fetch(&x, +1); return 0; }
Performing C SOURCE FILE Test OpenMP_FLAG_DETECTED succeded with the following output:
Change Dir: /root/stxxl/build/CMakeFiles/CMakeTmp

Run Build Command:"/usr/bin/make" "cmTryCompileExec2303266188/fast"
/usr/bin/make -f CMakeFiles/cmTryCompileExec2303266188.dir/build.make CMakeFiles/cmTryCompileExec2303266188.dir/build
make[1]: Entering directory `/root/stxxl/build/CMakeFiles/CMakeTmp'
/usr/bin/cmake -E cmake_progress_report /root/stxxl/build/CMakeFiles/CMakeTmp/CMakeFiles 1
Building C object CMakeFiles/cmTryCompileExec2303266188.dir/src.c.o
/usr/bin/cc   -DOpenMP_FLAG_DETECTED -fopenmp   -o CMakeFiles/cmTryCompileExec2303266188.dir/src.c.o   -c /root/stxxl/build/CMakeFiles/CMakeTmp/src.c
Linking C executable cmTryCompileExec2303266188
/usr/bin/cmake -E cmake_link_script CMakeFiles/cmTryCompileExec2303266188.dir/link.txt --verbose=1
/usr/bin/cc   -DOpenMP_FLAG_DETECTED -fopenmp    CMakeFiles/cmTryCompileExec2303266188.dir/src.c.o  -o cmTryCompileExec2303266188 -rdynamic 
make[1]: Leaving directory `/root/stxxl/build/CMakeFiles/CMakeTmp'

Source file was:

#include <omp.h>
int main() {
#ifdef _OPENMP
  return 0;
#else
  breaks_on_purpose
#endif
}

Performing C++ SOURCE FILE Test OpenMP_FLAG_DETECTED succeded with the following output:
Change Dir: /root/stxxl/build/CMakeFiles/CMakeTmp

Run Build Command:"/usr/bin/make" "cmTryCompileExec1497245070/fast"
/usr/bin/make -f CMakeFiles/cmTryCompileExec1497245070.dir/build.make CMakeFiles/cmTryCompileExec1497245070.dir/build
make[1]: Entering directory `/root/stxxl/build/CMakeFiles/CMakeTmp'
/usr/bin/cmake -E cmake_progress_report /root/stxxl/build/CMakeFiles/CMakeTmp/CMakeFiles 1
Building CXX object CMakeFiles/cmTryCompileExec1497245070.dir/src.cxx.o
/usr/bin/c++    -W -Wall -pedantic -Wno-long-long -Wextra -ftemplate-depth=1024 -std=c++11 -DOpenMP_FLAG_DETECTED -fopenmp   -o CMakeFiles/cmTryCompileExec1497245070.dir/src.cxx.o -c /root/stxxl/build/CMakeFiles/CMakeTmp/src.cxx
Linking CXX executable cmTryCompileExec1497245070
/usr/bin/cmake -E cmake_link_script CMakeFiles/cmTryCompileExec1497245070.dir/link.txt --verbose=1
/usr/bin/c++    -W -Wall -pedantic -Wno-long-long -Wextra -ftemplate-depth=1024 -std=c++11 -DOpenMP_FLAG_DETECTED -fopenmp    CMakeFiles/cmTryCompileExec1497245070.dir/src.cxx.o  -o cmTryCompileExec1497245070 -rdynamic 
make[1]: Leaving directory `/root/stxxl/build/CMakeFiles/CMakeTmp'

Source file was:

#include <omp.h>
int main() {
#ifdef _OPENMP
  return 0;
#else
  breaks_on_purpose
#endif
}

Determining if the include file parallel/algorithm exists passed with the following output:
Change Dir: /root/stxxl/build/CMakeFiles/CMakeTmp

Run Build Command:"/usr/bin/make" "cmTryCompileExec1214198464/fast"
/usr/bin/make -f CMakeFiles/cmTryCompileExec1214198464.dir/build.make CMakeFiles/cmTryCompileExec1214198464.dir/build
make[1]: Entering directory `/root/stxxl/build/CMakeFiles/CMakeTmp'
/usr/bin/cmake -E cmake_progress_report /root/stxxl/build/CMakeFiles/CMakeTmp/CMakeFiles 1
Building CXX object CMakeFiles/cmTryCompileExec1214198464.dir/CheckIncludeFile.cxx.o
/usr/bin/c++    -W -Wall -pedantic -Wno-long-long -Wextra -ftemplate-depth=1024 -std=c++11 -fopenmp    -o CMakeFiles/cmTryCompileExec1214198464.dir/CheckIncludeFile.cxx.o -c /root/stxxl/build/CMakeFiles/CMakeTmp/CheckIncludeFile.cxx
Linking CXX executable cmTryCompileExec1214198464
/usr/bin/cmake -E cmake_link_script CMakeFiles/cmTryCompileExec1214198464.dir/link.txt --verbose=1
/usr/bin/c++    -W -Wall -pedantic -Wno-long-long -Wextra -ftemplate-depth=1024 -std=c++11 -fopenmp     CMakeFiles/cmTryCompileExec1214198464.dir/CheckIncludeFile.cxx.o  -o cmTryCompileExec1214198464 -rdynamic 
make[1]: Leaving directory `/root/stxxl/build/CMakeFiles/CMakeTmp'


Determining if the mallinfo exist passed with the following output:
Change Dir: /root/stxxl/build/CMakeFiles/CMakeTmp

Run Build Command:"/usr/bin/make" "cmTryCompileExec3515312955/fast"
/usr/bin/make -f CMakeFiles/cmTryCompileExec3515312955.dir/build.make CMakeFiles/cmTryCompileExec3515312955.dir/build
make[1]: Entering directory `/root/stxxl/build/CMakeFiles/CMakeTmp'
/usr/bin/cmake -E cmake_progress_report /root/stxxl/build/CMakeFiles/CMakeTmp/CMakeFiles 1
Building C object CMakeFiles/cmTryCompileExec3515312955.dir/CheckSymbolExists.c.o
/usr/bin/cc   -fopenmp    -o CMakeFiles/cmTryCompileExec3515312955.dir/CheckSymbolExists.c.o   -c /root/stxxl/build/CMakeFiles/CMakeTmp/CheckSymbolExists.c
Linking C executable cmTryCompileExec3515312955
/usr/bin/cmake -E cmake_link_script CMakeFiles/cmTryCompileExec3515312955.dir/link.txt --verbose=1
/usr/bin/cc   -fopenmp     CMakeFiles/cmTryCompileExec3515312955.dir/CheckSymbolExists.c.o  -o cmTryCompileExec3515312955 -rdynamic 
make[1]: Leaving directory `/root/stxxl/build/CMakeFiles/CMakeTmp'

File /root/stxxl/build/CMakeFiles/CMakeTmp/CheckSymbolExists.c:
/* */
#include <malloc.h>

int main(int argc, char** argv)
{
  (void)argv;
#ifndef mallinfo
  return ((int*)(&mallinfo))[argc];
#else
  (void)argc;
  return 0;
#endif
}

Determining if the mlock exist passed with the following output:
Change Dir: /root/stxxl/build/CMakeFiles/CMakeTmp

Run Build Command:"/usr/bin/make" "cmTryCompileExec2368150344/fast"
/usr/bin/make -f CMakeFiles/cmTryCompileExec2368150344.dir/build.make CMakeFiles/cmTryCompileExec2368150344.dir/build
make[1]: Entering directory `/root/stxxl/build/CMakeFiles/CMakeTmp'
/usr/bin/cmake -E cmake_progress_report /root/stxxl/build/CMakeFiles/CMakeTmp/CMakeFiles 1
Building C object CMakeFiles/cmTryCompileExec2368150344.dir/CheckSymbolExists.c.o
/usr/bin/cc   -fopenmp    -o CMakeFiles/cmTryCompileExec2368150344.dir/CheckSymbolExists.c.o   -c /root/stxxl/build/CMakeFiles/CMakeTmp/CheckSymbolExists.c
Linking C executable cmTryCompileExec2368150344
/usr/bin/cmake -E cmake_link_script CMakeFiles/cmTryCompileExec2368150344.dir/link.txt --verbose=1
/usr/bin/cc   -fopenmp     CMakeFiles/cmTryCompileExec2368150344.dir/CheckSymbolExists.c.o  -o cmTryCompileExec2368150344 -rdynamic 
make[1]: Leaving directory `/root/stxxl/build/CMakeFiles/CMakeTmp'

File /root/stxxl/build/CMakeFiles/CMakeTmp/CheckSymbolExists.c:
/* */
#include <sys/mman.h>

int main(int argc, char** argv)
{
  (void)argv;
#ifndef mlock
  return ((int*)(&mlock))[argc];
#else
  (void)argc;
  return 0;
#endif
}

